<?xml version="1.0" encoding="UTF-8"?>
<testsuite name="Task1Test" tests="1" skipped="0" failures="0" errors="0" timestamp="2020-06-27T06:59:21" hostname="frostbite" time="0.124">
  <properties/>
  <testcase name="start" classname="Task1Test" time="0.124"/>
  <system-out><![CDATA[?[1;31m
Start test 1?[0m
 _____________
| Hyper Skill |
 ¯¯¯¯¯¯¯¯¯¯¯¯¯
]]></system-out>
  <system-err><![CDATA[]]></system-err>
</testsuite>
