<?xml version="1.0" encoding="UTF-8"?>
<testsuite name="Task2Test" tests="1" skipped="0" failures="0" errors="0" timestamp="2020-06-28T10:15:25" hostname="frostbite" time="0.449">
  <properties/>
  <testcase name="start" classname="Task2Test" time="0.449"/>
  <system-out><![CDATA[?[1;31m
Start test 1?[0m
> Albert Einstein
*******************
* Albert Einstein *
*******************?[1;31m
Start test 2?[0m
> Nikola Tesla
****************
* Nikola Tesla *
****************?[1;31m
Start test 3?[0m
> XXXX yyyyyyyyyy
*******************
* XXXX yyyyyyyyyy *
*******************?[1;31m
Start test 4?[0m
> Ivan Ivanov
***************
* Ivan Ivanov *
***************?[1;31m
Start test 5?[0m
> a a
*******
* a a *
*******]]></system-out>
  <system-err><![CDATA[]]></system-err>
</testsuite>
